;  LST file generated by mikroListExporter - v.2.0 
; Date/Time: 3.06.2022 14:45:33
;----------------------------------------------

;Address Opcode 	ASM
0x0000	0x2A38      	GOTO       568
_Delay_50us:
;__Lib_Delays.c,19 :: 		void Delay_50us() {
;__Lib_Delays.c,20 :: 		Delay_us(50);
0x0003	0x3021      	MOVLW      33
0x0004	0x1283      	BCF        STATUS, 5
0x0005	0x1303      	BCF        STATUS, 6
0x0006	0x00FD      	MOVWF      R13
L_Delay_50us2:
0x0007	0x0BFD      	DECFSZ     R13, 1
0x0008	0x2807      	GOTO       L_Delay_50us2
;__Lib_Delays.c,21 :: 		}
L_end_Delay_50us:
0x0009	0x0008      	RETURN
; end of _Delay_50us
_Delay_5500us:
;__Lib_Delays.c,31 :: 		void Delay_5500us() {
;__Lib_Delays.c,32 :: 		Delay_us(5500);
0x000A	0x300F      	MOVLW      15
0x000B	0x1283      	BCF        STATUS, 5
0x000C	0x1303      	BCF        STATUS, 6
0x000D	0x00FC      	MOVWF      R12
0x000E	0x3047      	MOVLW      71
0x000F	0x00FD      	MOVWF      R13
L_Delay_5500us5:
0x0010	0x0BFD      	DECFSZ     R13, 1
0x0011	0x2810      	GOTO       L_Delay_5500us5
0x0012	0x0BFC      	DECFSZ     R12, 1
0x0013	0x2810      	GOTO       L_Delay_5500us5
0x0014	0x0000      	NOP
0x0015	0x0000      	NOP
;__Lib_Delays.c,33 :: 		}
L_end_Delay_5500us:
0x0016	0x0008      	RETURN
; end of _Delay_5500us
_Delay_1us:
;__Lib_Delays.c,7 :: 		void Delay_1us() {
;__Lib_Delays.c,8 :: 		Delay_us(1);
0x0017	0x0000      	NOP
0x0018	0x0000      	NOP
;__Lib_Delays.c,9 :: 		}
L_end_Delay_1us:
0x0019	0x0008      	RETURN
; end of _Delay_1us
_Lcd_Cmd:
;__Lib_Lcd.c,18 :: 		
;__Lib_Lcd.c,20 :: 		
0x001A	0x1283      	BCF        STATUS, 5
0x001B	0x1303      	BCF        STATUS, 6
0x001C	0x1BCF      	BTFSC      FARG_Lcd_Cmd_out_char, 7
0x001D	0x2820      	GOTO       L__Lcd_Cmd21
0x001E	0x1186      	BCF        LCD_D7, BitPos(LCD_D7+0)
0x001F	0x2821      	GOTO       L__Lcd_Cmd22
L__Lcd_Cmd21:
0x0020	0x1586      	BSF        LCD_D7, BitPos(LCD_D7+0)
L__Lcd_Cmd22:
;__Lib_Lcd.c,21 :: 		
0x0021	0x1B4F      	BTFSC      FARG_Lcd_Cmd_out_char, 6
0x0022	0x2825      	GOTO       L__Lcd_Cmd23
0x0023	0x1106      	BCF        LCD_D6, BitPos(LCD_D6+0)
0x0024	0x2826      	GOTO       L__Lcd_Cmd24
L__Lcd_Cmd23:
0x0025	0x1506      	BSF        LCD_D6, BitPos(LCD_D6+0)
L__Lcd_Cmd24:
;__Lib_Lcd.c,22 :: 		
0x0026	0x1ACF      	BTFSC      FARG_Lcd_Cmd_out_char, 5
0x0027	0x282A      	GOTO       L__Lcd_Cmd25
0x0028	0x1086      	BCF        LCD_D5, BitPos(LCD_D5+0)
0x0029	0x282B      	GOTO       L__Lcd_Cmd26
L__Lcd_Cmd25:
0x002A	0x1486      	BSF        LCD_D5, BitPos(LCD_D5+0)
L__Lcd_Cmd26:
;__Lib_Lcd.c,23 :: 		
0x002B	0x1A4F      	BTFSC      FARG_Lcd_Cmd_out_char, 4
0x002C	0x282F      	GOTO       L__Lcd_Cmd27
0x002D	0x1006      	BCF        LCD_D4, BitPos(LCD_D4+0)
0x002E	0x2830      	GOTO       L__Lcd_Cmd28
L__Lcd_Cmd27:
0x002F	0x1406      	BSF        LCD_D4, BitPos(LCD_D4+0)
L__Lcd_Cmd28:
;__Lib_Lcd.c,25 :: 		
0x0030	0x182A      	BTFSC      __Lib_Lcd_cmd_status, BitPos(__Lib_Lcd_cmd_status+0)
0x0031	0x2834      	GOTO       L__Lcd_Cmd29
0x0032	0x1606      	BSF        LCD_RS, BitPos(LCD_RS+0)
0x0033	0x2835      	GOTO       L__Lcd_Cmd30
L__Lcd_Cmd29:
0x0034	0x1206      	BCF        LCD_RS, BitPos(LCD_RS+0)
L__Lcd_Cmd30:
;__Lib_Lcd.c,28 :: 		
0x0035	0x1686      	BSF        LCD_EN, BitPos(LCD_EN+0)
;__Lib_Lcd.c,29 :: 		
0x0036	0x2017      	CALL       _Delay_1us
;__Lib_Lcd.c,30 :: 		
0x0037	0x1286      	BCF        LCD_EN, BitPos(LCD_EN+0)
;__Lib_Lcd.c,33 :: 		
0x0038	0x19CF      	BTFSC      FARG_Lcd_Cmd_out_char, 3
0x0039	0x283C      	GOTO       L__Lcd_Cmd31
0x003A	0x1186      	BCF        LCD_D7, BitPos(LCD_D7+0)
0x003B	0x283D      	GOTO       L__Lcd_Cmd32
L__Lcd_Cmd31:
0x003C	0x1586      	BSF        LCD_D7, BitPos(LCD_D7+0)
L__Lcd_Cmd32:
;__Lib_Lcd.c,34 :: 		
0x003D	0x194F      	BTFSC      FARG_Lcd_Cmd_out_char, 2
0x003E	0x2841      	GOTO       L__Lcd_Cmd33
0x003F	0x1106      	BCF        LCD_D6, BitPos(LCD_D6+0)
0x0040	0x2842      	GOTO       L__Lcd_Cmd34
L__Lcd_Cmd33:
0x0041	0x1506      	BSF        LCD_D6, BitPos(LCD_D6+0)
L__Lcd_Cmd34:
;__Lib_Lcd.c,35 :: 		
0x0042	0x18CF      	BTFSC      FARG_Lcd_Cmd_out_char, 1
0x0043	0x2846      	GOTO       L__Lcd_Cmd35
0x0044	0x1086      	BCF        LCD_D5, BitPos(LCD_D5+0)
0x0045	0x2847      	GOTO       L__Lcd_Cmd36
L__Lcd_Cmd35:
0x0046	0x1486      	BSF        LCD_D5, BitPos(LCD_D5+0)
L__Lcd_Cmd36:
;__Lib_Lcd.c,36 :: 		
0x0047	0x184F      	BTFSC      FARG_Lcd_Cmd_out_char, 0
0x0048	0x284B      	GOTO       L__Lcd_Cmd37
0x0049	0x1006      	BCF        LCD_D4, BitPos(LCD_D4+0)
0x004A	0x284C      	GOTO       L__Lcd_Cmd38
L__Lcd_Cmd37:
0x004B	0x1406      	BSF        LCD_D4, BitPos(LCD_D4+0)
L__Lcd_Cmd38:
;__Lib_Lcd.c,38 :: 		
0x004C	0x182A      	BTFSC      __Lib_Lcd_cmd_status, BitPos(__Lib_Lcd_cmd_status+0)
0x004D	0x2850      	GOTO       L__Lcd_Cmd39
0x004E	0x1606      	BSF        LCD_RS, BitPos(LCD_RS+0)
0x004F	0x2851      	GOTO       L__Lcd_Cmd40
L__Lcd_Cmd39:
0x0050	0x1206      	BCF        LCD_RS, BitPos(LCD_RS+0)
L__Lcd_Cmd40:
;__Lib_Lcd.c,40 :: 		
0x0051	0x1686      	BSF        LCD_EN, BitPos(LCD_EN+0)
;__Lib_Lcd.c,41 :: 		
0x0052	0x2017      	CALL       _Delay_1us
;__Lib_Lcd.c,42 :: 		
0x0053	0x1286      	BCF        LCD_EN, BitPos(LCD_EN+0)
;__Lib_Lcd.c,44 :: 		
0x0054	0x1C2A      	BTFSS      __Lib_Lcd_cmd_status, BitPos(__Lib_Lcd_cmd_status+0)
0x0055	0x2858      	GOTO       L_Lcd_Cmd0
;__Lib_Lcd.c,45 :: 		
0x0056	0x200A      	CALL       _Delay_5500us
0x0057	0x2859      	GOTO       L_Lcd_Cmd1
L_Lcd_Cmd0:
;__Lib_Lcd.c,47 :: 		
0x0058	0x2003      	CALL       _Delay_50us
L_Lcd_Cmd1:
;__Lib_Lcd.c,48 :: 		
L_end_Lcd_Cmd:
0x0059	0x0008      	RETURN
; end of _Lcd_Cmd
_Div_16X16_U:
;__Lib_Math.c,215 :: 		
;__Lib_Math.c,222 :: 		
0x005A	0x1283      	BCF        STATUS, 5
;__Lib_Math.c,223 :: 		
0x005B	0x1303      	BCF        STATUS, 6
;__Lib_Math.c,224 :: 		
0x005C	0x01F8      	CLRF       R8
;__Lib_Math.c,225 :: 		
0x005D	0x01F9      	CLRF       R9
;__Lib_Math.c,226 :: 		
0x005E	0x3010      	MOVLW      16
;__Lib_Math.c,227 :: 		
0x005F	0x00FC      	MOVWF      R12
;__Lib_Math.c,228 :: 		
0x0060	0x0D71      	RLF        R1, 0
;__Lib_Math.c,229 :: 		
0x0061	0x0DF8      	RLF        R8, 1
;__Lib_Math.c,230 :: 		
0x0062	0x0DF9      	RLF        R9, 1
;__Lib_Math.c,231 :: 		
0x0063	0x0874      	MOVF       R4, 0
;__Lib_Math.c,232 :: 		
0x0064	0x02F8      	SUBWF      R8, 1
;__Lib_Math.c,233 :: 		
0x0065	0x0875      	MOVF       R5, 0
;__Lib_Math.c,234 :: 		
0x0066	0x1C03      	BTFSS      STATUS, 0
;__Lib_Math.c,235 :: 		
0x0067	0x0F75      	INCFSZ     R5, 0
;__Lib_Math.c,236 :: 		
0x0068	0x02F9      	SUBWF      R9, 1
;__Lib_Math.c,237 :: 		
0x0069	0x1803      	BTFSC      STATUS, 0
;__Lib_Math.c,238 :: 		
0x006A	0x2872      	GOTO       $+8
;__Lib_Math.c,239 :: 		
0x006B	0x0874      	MOVF       R4, 0
;__Lib_Math.c,240 :: 		
0x006C	0x07F8      	ADDWF      R8, 1
;__Lib_Math.c,241 :: 		
0x006D	0x0875      	MOVF       R5, 0
;__Lib_Math.c,242 :: 		
0x006E	0x1803      	BTFSC      STATUS, 0
;__Lib_Math.c,243 :: 		
0x006F	0x0F75      	INCFSZ     R5, 0
;__Lib_Math.c,244 :: 		
0x0070	0x07F9      	ADDWF      R9, 1
;__Lib_Math.c,245 :: 		
0x0071	0x1003      	BCF        STATUS, 0
;__Lib_Math.c,246 :: 		
0x0072	0x0DF0      	RLF        R0, 1
;__Lib_Math.c,247 :: 		
0x0073	0x0DF1      	RLF        R1, 1
;__Lib_Math.c,248 :: 		
0x0074	0x0BFC      	DECFSZ     R12, 1
;__Lib_Math.c,249 :: 		
0x0075	0x2860      	GOTO       $-21
;__Lib_Math.c,251 :: 		
L_end_Div_16X16_U:
0x0076	0x0008      	RETURN
; end of _Div_16X16_U
_WordToStr:
;__Lib_Conversions.c,98 :: 		
;__Lib_Conversions.c,103 :: 		
0x0077	0x1283      	BCF        STATUS, 5
0x0078	0x1303      	BCF        STATUS, 6
0x0079	0x01CD      	CLRF       WordToStr_len_L0
L_WordToStr11:
0x007A	0x3005      	MOVLW      5
0x007B	0x024D      	SUBWF      WordToStr_len_L0, 0
0x007C	0x1803      	BTFSC      STATUS, 0
0x007D	0x2885      	GOTO       L_WordToStr12
;__Lib_Conversions.c,104 :: 		
0x007E	0x084D      	MOVF       WordToStr_len_L0, 0
0x007F	0x074C      	ADDWF      FARG_WordToStr_output, 0
0x0080	0x0084      	MOVWF      FSR
0x0081	0x3020      	MOVLW      32
0x0082	0x0080      	MOVWF      INDF
;__Lib_Conversions.c,103 :: 		
0x0083	0x0ACD      	INCF       WordToStr_len_L0, 1
;__Lib_Conversions.c,104 :: 		
0x0084	0x287A      	GOTO       L_WordToStr11
L_WordToStr12:
;__Lib_Conversions.c,105 :: 		
0x0085	0x084D      	MOVF       WordToStr_len_L0, 0
0x0086	0x074C      	ADDWF      FARG_WordToStr_output, 0
0x0087	0x0084      	MOVWF      FSR
0x0088	0x0180      	CLRF       INDF
0x0089	0x03CD      	DECF       WordToStr_len_L0, 1
;__Lib_Conversions.c,107 :: 		
L_WordToStr14:
;__Lib_Conversions.c,108 :: 		
0x008A	0x084D      	MOVF       WordToStr_len_L0, 0
0x008B	0x074C      	ADDWF      FARG_WordToStr_output, 0
0x008C	0x00CE      	MOVWF      FLOC__WordToStr
0x008D	0x300A      	MOVLW      10
0x008E	0x00F4      	MOVWF      R4
0x008F	0x01F5      	CLRF       R4+1
0x0090	0x084A      	MOVF       FARG_WordToStr_input, 0
0x0091	0x00F0      	MOVWF      R0
0x0092	0x084B      	MOVF       FARG_WordToStr_input+1, 0
0x0093	0x00F1      	MOVWF      R0+1
0x0094	0x205A      	CALL       _Div_16X16_U
0x0095	0x0878      	MOVF       R8, 0
0x0096	0x00F0      	MOVWF      R0
0x0097	0x0879      	MOVF       R8+1, 0
0x0098	0x00F1      	MOVWF      R0+1
0x0099	0x3030      	MOVLW      48
0x009A	0x07F0      	ADDWF      R0, 1
0x009B	0x084E      	MOVF       FLOC__WordToStr, 0
0x009C	0x0084      	MOVWF      FSR
0x009D	0x0870      	MOVF       R0, 0
0x009E	0x0080      	MOVWF      INDF
;__Lib_Conversions.c,109 :: 		
0x009F	0x300A      	MOVLW      10
0x00A0	0x00F4      	MOVWF      R4
0x00A1	0x01F5      	CLRF       R4+1
0x00A2	0x084A      	MOVF       FARG_WordToStr_input, 0
0x00A3	0x00F0      	MOVWF      R0
0x00A4	0x084B      	MOVF       FARG_WordToStr_input+1, 0
0x00A5	0x00F1      	MOVWF      R0+1
0x00A6	0x205A      	CALL       _Div_16X16_U
0x00A7	0x0870      	MOVF       R0, 0
0x00A8	0x00CA      	MOVWF      FARG_WordToStr_input
0x00A9	0x0871      	MOVF       R0+1, 0
0x00AA	0x00CB      	MOVWF      FARG_WordToStr_input+1
;__Lib_Conversions.c,110 :: 		
0x00AB	0x3000      	MOVLW      0
0x00AC	0x0671      	XORWF      R0+1, 0
0x00AD	0x1D03      	BTFSS      STATUS, 2
0x00AE	0x28B1      	GOTO       L__WordToStr379
0x00AF	0x3000      	MOVLW      0
0x00B0	0x0670      	XORWF      R0, 0
L__WordToStr379:
0x00B1	0x1D03      	BTFSS      STATUS, 2
0x00B2	0x28B4      	GOTO       L_WordToStr16
;__Lib_Conversions.c,111 :: 		
0x00B3	0x28B6      	GOTO       L_WordToStr15
L_WordToStr16:
;__Lib_Conversions.c,112 :: 		
0x00B4	0x03CD      	DECF       WordToStr_len_L0, 1
;__Lib_Conversions.c,113 :: 		
0x00B5	0x288A      	GOTO       L_WordToStr14
L_WordToStr15:
;__Lib_Conversions.c,114 :: 		
L_end_WordToStr:
0x00B6	0x0008      	RETURN
; end of _WordToStr
_____DoICP:
;__Lib_System.c,6 :: 		
;__Lib_System.c,9 :: 		
0x00B7	0x1283      	BCF        STATUS, 5
0x00B8	0x1303      	BCF        STATUS, 6
0x00B9	0x0829      	MOVF       ___DoICPAddr+1, 0
0x00BA	0x008A      	MOVWF      PCLATH
;__Lib_System.c,10 :: 		
0x00BB	0x0828      	MOVF       ___DoICPAddr, 0
0x00BC	0x0082      	MOVWF      PCL
;__Lib_System.c,12 :: 		
L_end_____DoICP:
0x00BD	0x0008      	RETURN
; end of _____DoICP
_Lcd_Chr_CP:
;__Lib_Lcd.c,50 :: 		
;__Lib_Lcd.c,52 :: 		
0x00BE	0x1283      	BCF        STATUS, 5
0x00BF	0x1303      	BCF        STATUS, 6
0x00C0	0x102A      	BCF        __Lib_Lcd_cmd_status, BitPos(__Lib_Lcd_cmd_status+0)
;__Lib_Lcd.c,53 :: 		
0x00C1	0x084A      	MOVF       FARG_Lcd_Chr_CP_out_char, 0
0x00C2	0x00CF      	MOVWF      FARG_Lcd_Cmd_out_char
0x00C3	0x201A      	CALL       _Lcd_Cmd
;__Lib_Lcd.c,54 :: 		
0x00C4	0x142A      	BSF        __Lib_Lcd_cmd_status, BitPos(__Lib_Lcd_cmd_status+0)
;__Lib_Lcd.c,55 :: 		
L_end_Lcd_Chr_CP:
0x00C5	0x0008      	RETURN
; end of _Lcd_Chr_CP
_SPI1_Write:
;__Lib_SPI_c345.c,77 :: 		
;__Lib_SPI_c345.c,80 :: 		
0x00C6	0x1283      	BCF        STATUS, 5
0x00C7	0x1303      	BCF        STATUS, 6
0x00C8	0x0821      	MOVF       FARG_SPI1_Write_data_, 0
0x00C9	0x0093      	MOVWF      SSPBUF
;__Lib_SPI_c345.c,81 :: 		
L_SPI1_Write8:
0x00CA	0x1683      	BSF        STATUS, 5
0x00CB	0x1814      	BTFSC      SSPSTAT, 0
0x00CC	0x28CF      	GOTO       L_SPI1_Write9
;__Lib_SPI_c345.c,82 :: 		
0x00CD	0x0000      	NOP
0x00CE	0x28CA      	GOTO       L_SPI1_Write8
L_SPI1_Write9:
;__Lib_SPI_c345.c,83 :: 		
0x00CF	0x1283      	BCF        STATUS, 5
0x00D0	0x0813      	MOVF       SSPBUF, 0
0x00D1	0x00F0      	MOVWF      R0
;__Lib_SPI_c345.c,84 :: 		
L_end_SPI1_Write:
0x00D2	0x0008      	RETURN
; end of _SPI1_Write
_SPI1_Read:
;__Lib_SPI_c345.c,69 :: 		
;__Lib_SPI_c345.c,70 :: 		
0x00D3	0x1283      	BCF        STATUS, 5
0x00D4	0x1303      	BCF        STATUS, 6
0x00D5	0x0820      	MOVF       FARG_SPI1_Read_buffer, 0
0x00D6	0x0093      	MOVWF      SSPBUF
;__Lib_SPI_c345.c,71 :: 		
L_SPI1_Read6:
0x00D7	0x1683      	BSF        STATUS, 5
0x00D8	0x1814      	BTFSC      SSPSTAT, 0
0x00D9	0x28DC      	GOTO       L_SPI1_Read7
;__Lib_SPI_c345.c,72 :: 		
0x00DA	0x0000      	NOP
0x00DB	0x28D7      	GOTO       L_SPI1_Read6
L_SPI1_Read7:
;__Lib_SPI_c345.c,73 :: 		
0x00DC	0x1283      	BCF        STATUS, 5
0x00DD	0x0813      	MOVF       SSPBUF, 0
0x00DE	0x00F0      	MOVWF      R0
;__Lib_SPI_c345.c,74 :: 		
L_end_SPI1_Read:
0x00DF	0x0008      	RETURN
; end of _SPI1_Read
_IntToStr:
;__Lib_Conversions.c,195 :: 		
;__Lib_Conversions.c,201 :: 		
0x00E0	0x1283      	BCF        STATUS, 5
0x00E1	0x1303      	BCF        STATUS, 6
0x00E2	0x01C6      	CLRF       IntToStr_negative_L0
0x00E3	0x01C7      	CLRF       IntToStr_negative_L0+1
;__Lib_Conversions.c,202 :: 		
0x00E4	0x0841      	MOVF       FARG_IntToStr_input, 0
0x00E5	0x00C8      	MOVWF      IntToStr_inword_L0
0x00E6	0x0842      	MOVF       FARG_IntToStr_input+1, 0
0x00E7	0x00C9      	MOVWF      IntToStr_inword_L0+1
;__Lib_Conversions.c,203 :: 		
0x00E8	0x3080      	MOVLW      128
0x00E9	0x0642      	XORWF      FARG_IntToStr_input+1, 0
0x00EA	0x00F0      	MOVWF      R0
0x00EB	0x3080      	MOVLW      128
0x00EC	0x0270      	SUBWF      R0, 0
0x00ED	0x1D03      	BTFSS      STATUS, 2
0x00EE	0x28F1      	GOTO       L__IntToStr387
0x00EF	0x3000      	MOVLW      0
0x00F0	0x0241      	SUBWF      FARG_IntToStr_input, 0
L__IntToStr387:
0x00F1	0x1803      	BTFSC      STATUS, 0
0x00F2	0x28FF      	GOTO       L_IntToStr37
;__Lib_Conversions.c,204 :: 		
0x00F3	0x3001      	MOVLW      1
0x00F4	0x00C6      	MOVWF      IntToStr_negative_L0
0x00F5	0x3000      	MOVLW      0
0x00F6	0x00C7      	MOVWF      IntToStr_negative_L0+1
;__Lib_Conversions.c,205 :: 		
0x00F7	0x0841      	MOVF       FARG_IntToStr_input, 0
0x00F8	0x3C00      	SUBLW      0
0x00F9	0x00C8      	MOVWF      IntToStr_inword_L0
0x00FA	0x0842      	MOVF       FARG_IntToStr_input+1, 0
0x00FB	0x1C03      	BTFSS      STATUS, 0
0x00FC	0x3E01      	ADDLW      1
0x00FD	0x01C9      	CLRF       IntToStr_inword_L0+1
0x00FE	0x02C9      	SUBWF      IntToStr_inword_L0+1, 1
;__Lib_Conversions.c,206 :: 		
L_IntToStr37:
;__Lib_Conversions.c,207 :: 		
0x00FF	0x0848      	MOVF       IntToStr_inword_L0, 0
0x0100	0x00CA      	MOVWF      FARG_WordToStr_input
0x0101	0x0849      	MOVF       IntToStr_inword_L0+1, 0
0x0102	0x00CB      	MOVWF      FARG_WordToStr_input+1
0x0103	0x0843      	MOVF       FARG_IntToStr_output, 0
0x0104	0x00CC      	MOVWF      FARG_WordToStr_output
0x0105	0x2077      	CALL       _WordToStr
;__Lib_Conversions.c,209 :: 		
0x0106	0x3006      	MOVLW      6
0x0107	0x00C4      	MOVWF      IntToStr_i_L0
0x0108	0x3000      	MOVLW      0
0x0109	0x00C5      	MOVWF      IntToStr_i_L0+1
;__Lib_Conversions.c,210 :: 		
L_IntToStr38:
0x010A	0x0845      	MOVF       IntToStr_i_L0+1, 0
0x010B	0x3C00      	SUBLW      0
0x010C	0x1D03      	BTFSS      STATUS, 2
0x010D	0x2910      	GOTO       L__IntToStr388
0x010E	0x0844      	MOVF       IntToStr_i_L0, 0
0x010F	0x3C00      	SUBLW      0
L__IntToStr388:
0x0110	0x1803      	BTFSC      STATUS, 0
0x0111	0x292B      	GOTO       L_IntToStr39
;__Lib_Conversions.c,211 :: 		
0x0112	0x0844      	MOVF       IntToStr_i_L0, 0
0x0113	0x0743      	ADDWF      FARG_IntToStr_output, 0
0x0114	0x00F2      	MOVWF      R2
0x0115	0x3001      	MOVLW      1
0x0116	0x0244      	SUBWF      IntToStr_i_L0, 0
0x0117	0x00F0      	MOVWF      R0
0x0118	0x3000      	MOVLW      0
0x0119	0x1C03      	BTFSS      STATUS, 0
0x011A	0x3E01      	ADDLW      1
0x011B	0x0245      	SUBWF      IntToStr_i_L0+1, 0
0x011C	0x00F1      	MOVWF      R0+1
0x011D	0x0870      	MOVF       R0, 0
0x011E	0x0743      	ADDWF      FARG_IntToStr_output, 0
0x011F	0x0084      	MOVWF      FSR
0x0120	0x0800      	MOVF       INDF, 0
0x0121	0x00F0      	MOVWF      R0
0x0122	0x0872      	MOVF       R2, 0
0x0123	0x0084      	MOVWF      FSR
0x0124	0x0870      	MOVF       R0, 0
0x0125	0x0080      	MOVWF      INDF
;__Lib_Conversions.c,212 :: 		
0x0126	0x3001      	MOVLW      1
0x0127	0x02C4      	SUBWF      IntToStr_i_L0, 1
0x0128	0x1C03      	BTFSS      STATUS, 0
0x0129	0x03C5      	DECF       IntToStr_i_L0+1, 1
;__Lib_Conversions.c,213 :: 		
0x012A	0x290A      	GOTO       L_IntToStr38
L_IntToStr39:
;__Lib_Conversions.c,214 :: 		
0x012B	0x0843      	MOVF       FARG_IntToStr_output, 0
0x012C	0x0084      	MOVWF      FSR
0x012D	0x3020      	MOVLW      32
0x012E	0x0080      	MOVWF      INDF
;__Lib_Conversions.c,215 :: 		
0x012F	0x0846      	MOVF       IntToStr_negative_L0, 0
0x0130	0x0447      	IORWF      IntToStr_negative_L0+1, 0
0x0131	0x1903      	BTFSC      STATUS, 2
0x0132	0x2949      	GOTO       L_IntToStr40
;__Lib_Conversions.c,216 :: 		
0x0133	0x01C4      	CLRF       IntToStr_i_L0
0x0134	0x01C5      	CLRF       IntToStr_i_L0+1
;__Lib_Conversions.c,217 :: 		
L_IntToStr41:
0x0135	0x0844      	MOVF       IntToStr_i_L0, 0
0x0136	0x0743      	ADDWF      FARG_IntToStr_output, 0
0x0137	0x0084      	MOVWF      FSR
0x0138	0x0800      	MOVF       INDF, 0
0x0139	0x3A20      	XORLW      32
0x013A	0x1D03      	BTFSS      STATUS, 2
0x013B	0x2940      	GOTO       L_IntToStr42
0x013C	0x0AC4      	INCF       IntToStr_i_L0, 1
0x013D	0x1903      	BTFSC      STATUS, 2
0x013E	0x0AC5      	INCF       IntToStr_i_L0+1, 1
0x013F	0x2935      	GOTO       L_IntToStr41
L_IntToStr42:
;__Lib_Conversions.c,218 :: 		
0x0140	0x3001      	MOVLW      1
0x0141	0x02C4      	SUBWF      IntToStr_i_L0, 1
0x0142	0x1C03      	BTFSS      STATUS, 0
0x0143	0x03C5      	DECF       IntToStr_i_L0+1, 1
;__Lib_Conversions.c,219 :: 		
0x0144	0x0844      	MOVF       IntToStr_i_L0, 0
0x0145	0x0743      	ADDWF      FARG_IntToStr_output, 0
0x0146	0x0084      	MOVWF      FSR
0x0147	0x302D      	MOVLW      45
0x0148	0x0080      	MOVWF      INDF
L_IntToStr40:
;__Lib_Conversions.c,220 :: 		
L_end_IntToStr:
0x0149	0x0008      	RETURN
; end of _IntToStr
_ADXL345_Write:
;MyProject.c,41 :: 		void ADXL345_Write(unsigned short address, unsigned short data1) {
;MyProject.c,42 :: 		unsigned short internal = 0;
;MyProject.c,45 :: 		CS_bit = 0;
0x014A	0x1283      	BCF        STATUS, 5
0x014B	0x1303      	BCF        STATUS, 6
0x014C	0x1007      	BCF        RC0_bit, BitPos(RC0_bit+0)
;MyProject.c,46 :: 		SPI1_Write(internal);
0x014D	0x0841      	MOVF       FARG_ADXL345_Write_address, 0
0x014E	0x00A1      	MOVWF      FARG_SPI1_Write_data_
0x014F	0x20C6      	CALL       _SPI1_Write
;MyProject.c,47 :: 		SPI1_Write(data1);
0x0150	0x0842      	MOVF       FARG_ADXL345_Write_data1, 0
0x0151	0x00A1      	MOVWF      FARG_SPI1_Write_data_
0x0152	0x20C6      	CALL       _SPI1_Write
;MyProject.c,48 :: 		CS_bit = 1;
0x0153	0x1407      	BSF        RC0_bit, BitPos(RC0_bit+0)
;MyProject.c,49 :: 		}
L_end_ADXL345_Write:
0x0154	0x0008      	RETURN
; end of _ADXL345_Write
_Lcd_Out:
;__Lib_Lcd.c,184 :: 		
;__Lib_Lcd.c,187 :: 		
0x0155	0x2967      	GOTO       L_Lcd_Out11
;__Lib_Lcd.c,188 :: 		
L_Lcd_Out13:
0x0156	0x3080      	MOVLW      128
0x0157	0x1283      	BCF        STATUS, 5
0x0158	0x1303      	BCF        STATUS, 6
0x0159	0x00C1      	MOVWF      FARG_Lcd_Out_row
0x015A	0x297A      	GOTO       L_Lcd_Out12
;__Lib_Lcd.c,189 :: 		
L_Lcd_Out14:
0x015B	0x30C0      	MOVLW      192
0x015C	0x00C1      	MOVWF      FARG_Lcd_Out_row
0x015D	0x297A      	GOTO       L_Lcd_Out12
;__Lib_Lcd.c,190 :: 		
L_Lcd_Out15:
0x015E	0x3094      	MOVLW      148
0x015F	0x00C1      	MOVWF      FARG_Lcd_Out_row
0x0160	0x297A      	GOTO       L_Lcd_Out12
;__Lib_Lcd.c,191 :: 		
L_Lcd_Out16:
0x0161	0x30D4      	MOVLW      212
0x0162	0x00C1      	MOVWF      FARG_Lcd_Out_row
0x0163	0x297A      	GOTO       L_Lcd_Out12
;__Lib_Lcd.c,192 :: 		
L_Lcd_Out17:
0x0164	0x3080      	MOVLW      128
0x0165	0x00C1      	MOVWF      FARG_Lcd_Out_row
;__Lib_Lcd.c,193 :: 		
0x0166	0x297A      	GOTO       L_Lcd_Out12
L_Lcd_Out11:
0x0167	0x1283      	BCF        STATUS, 5
0x0168	0x1303      	BCF        STATUS, 6
0x0169	0x0841      	MOVF       FARG_Lcd_Out_row, 0
0x016A	0x3A01      	XORLW      1
0x016B	0x1903      	BTFSC      STATUS, 2
0x016C	0x2956      	GOTO       L_Lcd_Out13
0x016D	0x0841      	MOVF       FARG_Lcd_Out_row, 0
0x016E	0x3A02      	XORLW      2
0x016F	0x1903      	BTFSC      STATUS, 2
0x0170	0x295B      	GOTO       L_Lcd_Out14
0x0171	0x0841      	MOVF       FARG_Lcd_Out_row, 0
0x0172	0x3A03      	XORLW      3
0x0173	0x1903      	BTFSC      STATUS, 2
0x0174	0x295E      	GOTO       L_Lcd_Out15
0x0175	0x0841      	MOVF       FARG_Lcd_Out_row, 0
0x0176	0x3A04      	XORLW      4
0x0177	0x1903      	BTFSC      STATUS, 2
0x0178	0x2961      	GOTO       L_Lcd_Out16
0x0179	0x2964      	GOTO       L_Lcd_Out17
L_Lcd_Out12:
;__Lib_Lcd.c,194 :: 		
0x017A	0x0342      	DECF       FARG_Lcd_Out_column, 0
0x017B	0x00F0      	MOVWF      R0
0x017C	0x0841      	MOVF       FARG_Lcd_Out_row, 0
0x017D	0x07F0      	ADDWF      R0, 1
0x017E	0x0870      	MOVF       R0, 0
0x017F	0x00C1      	MOVWF      FARG_Lcd_Out_row
;__Lib_Lcd.c,196 :: 		
0x0180	0x0870      	MOVF       R0, 0
0x0181	0x00CF      	MOVWF      FARG_Lcd_Cmd_out_char
0x0182	0x201A      	CALL       _Lcd_Cmd
;__Lib_Lcd.c,197 :: 		
0x0183	0x102A      	BCF        __Lib_Lcd_cmd_status, BitPos(__Lib_Lcd_cmd_status+0)
;__Lib_Lcd.c,198 :: 		
0x0184	0x01C4      	CLRF       Lcd_Out_i_L0
;__Lib_Lcd.c,199 :: 		
L_Lcd_Out18:
0x0185	0x0844      	MOVF       Lcd_Out_i_L0, 0
0x0186	0x0743      	ADDWF      FARG_Lcd_Out_text, 0
0x0187	0x0084      	MOVWF      FSR
0x0188	0x0800      	MOVF       INDF, 0
0x0189	0x1903      	BTFSC      STATUS, 2
0x018A	0x2993      	GOTO       L_Lcd_Out19
;__Lib_Lcd.c,200 :: 		
0x018B	0x0844      	MOVF       Lcd_Out_i_L0, 0
0x018C	0x0743      	ADDWF      FARG_Lcd_Out_text, 0
0x018D	0x0084      	MOVWF      FSR
0x018E	0x0800      	MOVF       INDF, 0
0x018F	0x00CA      	MOVWF      FARG_Lcd_Chr_CP_out_char
0x0190	0x20BE      	CALL       _Lcd_Chr_CP
0x0191	0x0AC4      	INCF       Lcd_Out_i_L0, 1
0x0192	0x2985      	GOTO       L_Lcd_Out18
L_Lcd_Out19:
;__Lib_Lcd.c,201 :: 		
0x0193	0x142A      	BSF        __Lib_Lcd_cmd_status, BitPos(__Lib_Lcd_cmd_status+0)
;__Lib_Lcd.c,202 :: 		
L_end_Lcd_Out:
0x0194	0x0008      	RETURN
; end of _Lcd_Out
_ADXL345_Read:
;MyProject.c,51 :: 		unsigned short ADXL345_Read(unsigned short address) {
;MyProject.c,52 :: 		unsigned short internal = 0;
;MyProject.c,53 :: 		internal = address | _SPI_READ;
0x0195	0x3080      	MOVLW      128
0x0196	0x1283      	BCF        STATUS, 5
0x0197	0x1303      	BCF        STATUS, 6
0x0198	0x0441      	IORWF      FARG_ADXL345_Read_address, 0
0x0199	0x00A1      	MOVWF      FARG_SPI1_Write_data_
;MyProject.c,55 :: 		CS_bit = 0;
0x019A	0x1007      	BCF        RC0_bit, BitPos(RC0_bit+0)
;MyProject.c,56 :: 		SPI1_Write(internal);
0x019B	0x20C6      	CALL       _SPI1_Write
;MyProject.c,57 :: 		internal = SPI1_Read(0);
0x019C	0x01A0      	CLRF       FARG_SPI1_Read_buffer
0x019D	0x20D3      	CALL       _SPI1_Read
;MyProject.c,58 :: 		CS_bit = 1;
0x019E	0x1407      	BSF        RC0_bit, BitPos(RC0_bit+0)
;MyProject.c,60 :: 		return internal;
;MyProject.c,61 :: 		}
L_end_ADXL345_Read:
0x019F	0x0008      	RETURN
; end of _ADXL345_Read
_SPI1_Init_Advanced:
;__Lib_SPI_c345.c,40 :: 		
;__Lib_SPI_c345.c,41 :: 		
0x01A0	0x30D3      	MOVLW      _SPI1_Read
0x01A1	0x1283      	BCF        STATUS, 5
0x01A2	0x1303      	BCF        STATUS, 6
0x01A3	0x00AE      	MOVWF      _SPI_Rd_Ptr
0x01A4	0x3000      	MOVLW      hi_addr(_SPI1_Read)
0x01A5	0x00AF      	MOVWF      _SPI_Rd_Ptr+1
0x01A6	0x3020      	MOVLW      FARG_SPI1_Read_buffer
0x01A7	0x00B0      	MOVWF      _SPI_Rd_Ptr+2
0x01A8	0x3000      	MOVLW      hi_addr(FARG_SPI1_Read_buffer)
;__Lib_SPI_c345.c,42 :: 		
0x01A9	0x30C6      	MOVLW      _SPI1_Write
0x01AA	0x00AB      	MOVWF      _SPI_Wr_Ptr
0x01AB	0x3000      	MOVLW      hi_addr(_SPI1_Write)
0x01AC	0x00AC      	MOVWF      _SPI_Wr_Ptr+1
0x01AD	0x3021      	MOVLW      FARG_SPI1_Write_data_
0x01AE	0x00AD      	MOVWF      _SPI_Wr_Ptr+2
0x01AF	0x3000      	MOVLW      hi_addr(FARG_SPI1_Write_data_)
;__Lib_SPI_c345.c,45 :: 		
0x01B0	0x1683      	BSF        STATUS, 5
0x01B1	0x1287      	BCF        TRISC5_bit, BitPos(TRISC5_bit+0)
;__Lib_SPI_c345.c,46 :: 		
0x01B2	0x1283      	BCF        STATUS, 5
0x01B3	0x0841      	MOVF       FARG_SPI1_Init_Advanced_master, 0
0x01B4	0x3A04      	XORLW      4
0x01B5	0x1D03      	BTFSS      STATUS, 2
0x01B6	0x29BA      	GOTO       L_SPI1_Init_Advanced0
0x01B7	0x1683      	BSF        STATUS, 5
0x01B8	0x1587      	BSF        TRISC3_bit, BitPos(TRISC3_bit+0)
0x01B9	0x29BC      	GOTO       L_SPI1_Init_Advanced1
L_SPI1_Init_Advanced0:
0x01BA	0x1683      	BSF        STATUS, 5
;__Lib_SPI_c345.c,47 :: 		
0x01BB	0x1187      	BCF        TRISC3_bit, BitPos(TRISC3_bit+0)
L_SPI1_Init_Advanced1:
;__Lib_SPI_c345.c,48 :: 		
0x01BC	0x1607      	BSF        TRISC4_bit, BitPos(TRISC4_bit+0)
;__Lib_SPI_c345.c,50 :: 		
0x01BD	0x1283      	BCF        STATUS, 5
0x01BE	0x0194      	CLRF       SSPCON
;__Lib_SPI_c345.c,51 :: 		
0x01BF	0x1683      	BSF        STATUS, 5
0x01C0	0x1314      	BCF        SSPSTAT, 6
;__Lib_SPI_c345.c,52 :: 		
0x01C1	0x1394      	BCF        SSPSTAT, 7
;__Lib_SPI_c345.c,53 :: 		
0x01C2	0x1283      	BCF        STATUS, 5
0x01C3	0x0841      	MOVF       FARG_SPI1_Init_Advanced_master, 0
0x01C4	0x0494      	IORWF      SSPCON, 1
;__Lib_SPI_c345.c,54 :: 		
0x01C5	0x0843      	MOVF       FARG_SPI1_Init_Advanced_clock_idle, 0
0x01C6	0x0494      	IORWF      SSPCON, 1
;__Lib_SPI_c345.c,55 :: 		
0x01C7	0x0842      	MOVF       FARG_SPI1_Init_Advanced_data_sample, 0
0x01C8	0x1683      	BSF        STATUS, 5
0x01C9	0x0494      	IORWF      SSPSTAT, 1
;__Lib_SPI_c345.c,57 :: 		
0x01CA	0x1283      	BCF        STATUS, 5
0x01CB	0x0843      	MOVF       FARG_SPI1_Init_Advanced_clock_idle, 0
0x01CC	0x1903      	BTFSC      STATUS, 2
0x01CD	0x29D5      	GOTO       L_SPI1_Init_Advanced2
;__Lib_SPI_c345.c,58 :: 		
0x01CE	0x0844      	MOVF       FARG_SPI1_Init_Advanced_transmit_edge, 0
0x01CF	0x3A00      	XORLW      0
0x01D0	0x1D03      	BTFSS      STATUS, 2
0x01D1	0x29D4      	GOTO       L_SPI1_Init_Advanced3
;__Lib_SPI_c345.c,59 :: 		
0x01D2	0x1683      	BSF        STATUS, 5
0x01D3	0x1714      	BSF        SSPSTAT, 6
L_SPI1_Init_Advanced3:
;__Lib_SPI_c345.c,60 :: 		
0x01D4	0x29DB      	GOTO       L_SPI1_Init_Advanced4
L_SPI1_Init_Advanced2:
;__Lib_SPI_c345.c,62 :: 		
0x01D5	0x1283      	BCF        STATUS, 5
0x01D6	0x0844      	MOVF       FARG_SPI1_Init_Advanced_transmit_edge, 0
0x01D7	0x1903      	BTFSC      STATUS, 2
0x01D8	0x29DB      	GOTO       L_SPI1_Init_Advanced5
;__Lib_SPI_c345.c,63 :: 		
0x01D9	0x1683      	BSF        STATUS, 5
0x01DA	0x1714      	BSF        SSPSTAT, 6
L_SPI1_Init_Advanced5:
;__Lib_SPI_c345.c,64 :: 		
L_SPI1_Init_Advanced4:
;__Lib_SPI_c345.c,65 :: 		
0x01DB	0x1283      	BCF        STATUS, 5
0x01DC	0x1694      	BSF        SSPCON, 5
;__Lib_SPI_c345.c,66 :: 		
L_end_SPI1_Init_Advanced:
0x01DD	0x0008      	RETURN
; end of _SPI1_Init_Advanced
_Lcd_Init:
;__Lib_Lcd.c,84 :: 		
;__Lib_Lcd.c,86 :: 		
0x01DE	0x1683      	BSF        STATUS, 5
0x01DF	0x1303      	BCF        STATUS, 6
0x01E0	0x1286      	BCF        LCD_EN_Direction, BitPos(LCD_EN_Direction+0)
;__Lib_Lcd.c,87 :: 		
0x01E1	0x1206      	BCF        LCD_RS_Direction, BitPos(LCD_RS_Direction+0)
;__Lib_Lcd.c,88 :: 		
0x01E2	0x1006      	BCF        LCD_D4_Direction, BitPos(LCD_D4_Direction+0)
;__Lib_Lcd.c,89 :: 		
0x01E3	0x1086      	BCF        LCD_D5_Direction, BitPos(LCD_D5_Direction+0)
;__Lib_Lcd.c,90 :: 		
0x01E4	0x1106      	BCF        LCD_D6_Direction, BitPos(LCD_D6_Direction+0)
;__Lib_Lcd.c,91 :: 		
0x01E5	0x1186      	BCF        LCD_D7_Direction, BitPos(LCD_D7_Direction+0)
;__Lib_Lcd.c,93 :: 		
0x01E6	0x1283      	BCF        STATUS, 5
0x01E7	0x1286      	BCF        LCD_EN, BitPos(LCD_EN+0)
;__Lib_Lcd.c,94 :: 		
0x01E8	0x1206      	BCF        LCD_RS, BitPos(LCD_RS+0)
;__Lib_Lcd.c,95 :: 		
0x01E9	0x1186      	BCF        LCD_D7, BitPos(LCD_D7+0)
;__Lib_Lcd.c,96 :: 		
0x01EA	0x1106      	BCF        LCD_D6, BitPos(LCD_D6+0)
;__Lib_Lcd.c,97 :: 		
0x01EB	0x1086      	BCF        LCD_D5, BitPos(LCD_D5+0)
;__Lib_Lcd.c,98 :: 		
0x01EC	0x1006      	BCF        LCD_D4, BitPos(LCD_D4+0)
;__Lib_Lcd.c,100 :: 		
0x01ED	0x200A      	CALL       _Delay_5500us
;__Lib_Lcd.c,101 :: 		
0x01EE	0x200A      	CALL       _Delay_5500us
;__Lib_Lcd.c,102 :: 		
0x01EF	0x200A      	CALL       _Delay_5500us
;__Lib_Lcd.c,105 :: 		
0x01F0	0x1486      	BSF        LCD_D5, BitPos(LCD_D5+0)
;__Lib_Lcd.c,106 :: 		
0x01F1	0x1406      	BSF        LCD_D4, BitPos(LCD_D4+0)
;__Lib_Lcd.c,107 :: 		
0x01F2	0x1686      	BSF        LCD_EN, BitPos(LCD_EN+0)
;__Lib_Lcd.c,108 :: 		
0x01F3	0x2017      	CALL       _Delay_1us
;__Lib_Lcd.c,109 :: 		
0x01F4	0x1286      	BCF        LCD_EN, BitPos(LCD_EN+0)
;__Lib_Lcd.c,110 :: 		
0x01F5	0x200A      	CALL       _Delay_5500us
;__Lib_Lcd.c,112 :: 		
0x01F6	0x1686      	BSF        LCD_EN, BitPos(LCD_EN+0)
;__Lib_Lcd.c,113 :: 		
0x01F7	0x2017      	CALL       _Delay_1us
;__Lib_Lcd.c,114 :: 		
0x01F8	0x1286      	BCF        LCD_EN, BitPos(LCD_EN+0)
;__Lib_Lcd.c,115 :: 		
0x01F9	0x200A      	CALL       _Delay_5500us
;__Lib_Lcd.c,117 :: 		
0x01FA	0x1686      	BSF        LCD_EN, BitPos(LCD_EN+0)
;__Lib_Lcd.c,118 :: 		
0x01FB	0x2017      	CALL       _Delay_1us
;__Lib_Lcd.c,119 :: 		
0x01FC	0x1286      	BCF        LCD_EN, BitPos(LCD_EN+0)
;__Lib_Lcd.c,120 :: 		
0x01FD	0x200A      	CALL       _Delay_5500us
;__Lib_Lcd.c,123 :: 		
0x01FE	0x1006      	BCF        LCD_D4, BitPos(LCD_D4+0)
;__Lib_Lcd.c,124 :: 		
0x01FF	0x1686      	BSF        LCD_EN, BitPos(LCD_EN+0)
;__Lib_Lcd.c,125 :: 		
0x0200	0x2017      	CALL       _Delay_1us
;__Lib_Lcd.c,126 :: 		
0x0201	0x1286      	BCF        LCD_EN, BitPos(LCD_EN+0)
;__Lib_Lcd.c,127 :: 		
0x0202	0x200A      	CALL       _Delay_5500us
;__Lib_Lcd.c,130 :: 		
0x0203	0x1686      	BSF        LCD_EN, BitPos(LCD_EN+0)
;__Lib_Lcd.c,131 :: 		
0x0204	0x2017      	CALL       _Delay_1us
;__Lib_Lcd.c,132 :: 		
0x0205	0x1286      	BCF        LCD_EN, BitPos(LCD_EN+0)
;__Lib_Lcd.c,134 :: 		
0x0206	0x1086      	BCF        LCD_D5, BitPos(LCD_D5+0)
;__Lib_Lcd.c,135 :: 		
0x0207	0x1586      	BSF        LCD_D7, BitPos(LCD_D7+0)
;__Lib_Lcd.c,136 :: 		
0x0208	0x1686      	BSF        LCD_EN, BitPos(LCD_EN+0)
;__Lib_Lcd.c,137 :: 		
0x0209	0x2017      	CALL       _Delay_1us
;__Lib_Lcd.c,138 :: 		
0x020A	0x1286      	BCF        LCD_EN, BitPos(LCD_EN+0)
;__Lib_Lcd.c,139 :: 		
0x020B	0x200A      	CALL       _Delay_5500us
;__Lib_Lcd.c,142 :: 		
0x020C	0x1186      	BCF        LCD_D7, BitPos(LCD_D7+0)
;__Lib_Lcd.c,143 :: 		
0x020D	0x1406      	BSF        LCD_D4, BitPos(LCD_D4+0)
;__Lib_Lcd.c,144 :: 		
0x020E	0x1686      	BSF        LCD_EN, BitPos(LCD_EN+0)
;__Lib_Lcd.c,145 :: 		
0x020F	0x2017      	CALL       _Delay_1us
;__Lib_Lcd.c,146 :: 		
0x0210	0x1286      	BCF        LCD_EN, BitPos(LCD_EN+0)
;__Lib_Lcd.c,148 :: 		
0x0211	0x1006      	BCF        LCD_D4, BitPos(LCD_D4+0)
;__Lib_Lcd.c,149 :: 		
0x0212	0x1686      	BSF        LCD_EN, BitPos(LCD_EN+0)
;__Lib_Lcd.c,150 :: 		
0x0213	0x2017      	CALL       _Delay_1us
;__Lib_Lcd.c,151 :: 		
0x0214	0x1286      	BCF        LCD_EN, BitPos(LCD_EN+0)
;__Lib_Lcd.c,152 :: 		
0x0215	0x200A      	CALL       _Delay_5500us
;__Lib_Lcd.c,155 :: 		
0x0216	0x1686      	BSF        LCD_EN, BitPos(LCD_EN+0)
;__Lib_Lcd.c,156 :: 		
0x0217	0x2017      	CALL       _Delay_1us
;__Lib_Lcd.c,157 :: 		
0x0218	0x1286      	BCF        LCD_EN, BitPos(LCD_EN+0)
;__Lib_Lcd.c,159 :: 		
0x0219	0x1406      	BSF        LCD_D4, BitPos(LCD_D4+0)
;__Lib_Lcd.c,160 :: 		
0x021A	0x1686      	BSF        LCD_EN, BitPos(LCD_EN+0)
;__Lib_Lcd.c,161 :: 		
0x021B	0x2017      	CALL       _Delay_1us
;__Lib_Lcd.c,162 :: 		
0x021C	0x1286      	BCF        LCD_EN, BitPos(LCD_EN+0)
;__Lib_Lcd.c,163 :: 		
0x021D	0x200A      	CALL       _Delay_5500us
;__Lib_Lcd.c,166 :: 		
0x021E	0x1006      	BCF        LCD_D4, BitPos(LCD_D4+0)
;__Lib_Lcd.c,167 :: 		
0x021F	0x1686      	BSF        LCD_EN, BitPos(LCD_EN+0)
;__Lib_Lcd.c,168 :: 		
0x0220	0x2017      	CALL       _Delay_1us
;__Lib_Lcd.c,169 :: 		
0x0221	0x1286      	BCF        LCD_EN, BitPos(LCD_EN+0)
;__Lib_Lcd.c,171 :: 		
0x0222	0x1586      	BSF        LCD_D7, BitPos(LCD_D7+0)
;__Lib_Lcd.c,172 :: 		
0x0223	0x1506      	BSF        LCD_D6, BitPos(LCD_D6+0)
;__Lib_Lcd.c,173 :: 		
0x0224	0x1486      	BSF        LCD_D5, BitPos(LCD_D5+0)
;__Lib_Lcd.c,174 :: 		
0x0225	0x1406      	BSF        LCD_D4, BitPos(LCD_D4+0)
;__Lib_Lcd.c,175 :: 		
0x0226	0x1686      	BSF        LCD_EN, BitPos(LCD_EN+0)
;__Lib_Lcd.c,176 :: 		
0x0227	0x2017      	CALL       _Delay_1us
;__Lib_Lcd.c,177 :: 		
0x0228	0x1286      	BCF        LCD_EN, BitPos(LCD_EN+0)
;__Lib_Lcd.c,179 :: 		
0x0229	0x200A      	CALL       _Delay_5500us
;__Lib_Lcd.c,181 :: 		
0x022A	0x142A      	BSF        __Lib_Lcd_cmd_status, BitPos(__Lib_Lcd_cmd_status+0)
;__Lib_Lcd.c,182 :: 		
L_end_Lcd_Init:
0x022B	0x0008      	RETURN
; end of _Lcd_Init
___CC2DW:
;__Lib_System.c,134 :: 		
;__Lib_System.c,137 :: 		
_CC2D_Loop1:
;__Lib_System.c,139 :: 		
0x022C	0x20B7      	CALL       _____DoICP
0x022D	0x118A      	BCF        PCLATH, 3
0x022E	0x120A      	BCF        PCLATH, 4
;__Lib_System.c,141 :: 		
0x022F	0x0080      	MOVWF      INDF
;__Lib_System.c,142 :: 		
0x0230	0x0A84      	INCF       FSR, 1
;__Lib_System.c,143 :: 		
0x0231	0x0AA8      	INCF       ___DoICPAddr, 1
;__Lib_System.c,145 :: 		
0x0232	0x1903      	BTFSC      STATUS, 2
;__Lib_System.c,146 :: 		
0x0233	0x0AA9      	INCF       ___DoICPAddr+1, 1
;__Lib_System.c,147 :: 		
0x0234	0x03F0      	DECF       R0, 1
;__Lib_System.c,149 :: 		
0x0235	0x1D03      	BTFSS      STATUS, 2
;__Lib_System.c,150 :: 		
0x0236	0x2A2C      	GOTO       _CC2D_Loop1
;__Lib_System.c,152 :: 		
L_end___CC2DW:
0x0237	0x0008      	RETURN
; end of ___CC2DW
_main:
0x0238	0x1283      	BCF        STATUS, 5
0x0239	0x1303      	BCF        STATUS, 6
0x023A	0x01A2      	CLRF       _readings
0x023B	0x01A3      	CLRF       35
0x023C	0x01A4      	CLRF       36
0x023D	0x01A5      	CLRF       37
0x023E	0x01A6      	CLRF       38
0x023F	0x01A7      	CLRF       39
;MyProject.c,63 :: 		void main() {
;MyProject.c,64 :: 		TRISB = 0x00;
0x0240	0x1683      	BSF        STATUS, 5
0x0241	0x0186      	CLRF       TRISB
;MyProject.c,66 :: 		CS_bit = 1;
0x0242	0x1283      	BCF        STATUS, 5
0x0243	0x1407      	BSF        RC0_bit, BitPos(RC0_bit+0)
;MyProject.c,67 :: 		CS_Direction_bit = 0;
0x0244	0x1683      	BSF        STATUS, 5
0x0245	0x1007      	BCF        TRISC0_bit, BitPos(TRISC0_bit+0)
;MyProject.c,68 :: 		Lcd_Init();
0x0246	0x21DE      	CALL       _Lcd_Init
;MyProject.c,69 :: 		Lcd_Cmd(_LCD_CLEAR);
0x0247	0x3001      	MOVLW      1
0x0248	0x00CF      	MOVWF      FARG_Lcd_Cmd_out_char
0x0249	0x201A      	CALL       _Lcd_Cmd
;MyProject.c,70 :: 		Lcd_Cmd(_LCD_CURSOR_OFF);
0x024A	0x300C      	MOVLW      12
0x024B	0x00CF      	MOVWF      FARG_Lcd_Cmd_out_char
0x024C	0x201A      	CALL       _Lcd_Cmd
;MyProject.c,72 :: 		SPI1_Init_Advanced(_SPI_MASTER_OSC_DIV4, _SPI_DATA_SAMPLE_MIDDLE, _SPI_CLK_IDLE_HIGH, _SPI_LOW_2_HIGH);
0x024D	0x01C1      	CLRF       FARG_SPI1_Init_Advanced_master
0x024E	0x01C2      	CLRF       FARG_SPI1_Init_Advanced_data_sample
0x024F	0x3010      	MOVLW      16
0x0250	0x00C3      	MOVWF      FARG_SPI1_Init_Advanced_clock_idle
0x0251	0x3001      	MOVLW      1
0x0252	0x00C4      	MOVWF      FARG_SPI1_Init_Advanced_transmit_edge
0x0253	0x21A0      	CALL       _SPI1_Init_Advanced
;MyProject.c,74 :: 		ADXL345_Write(_POWER_CTL, 0x00);
0x0254	0x302D      	MOVLW      45
0x0255	0x00C1      	MOVWF      FARG_ADXL345_Write_address
0x0256	0x01C2      	CLRF       FARG_ADXL345_Write_data1
0x0257	0x214A      	CALL       _ADXL345_Write
;MyProject.c,76 :: 		ADXL345_Write(_DATA_FORMAT, 0x0B);
0x0258	0x3031      	MOVLW      49
0x0259	0x00C1      	MOVWF      FARG_ADXL345_Write_address
0x025A	0x300B      	MOVLW      11
0x025B	0x00C2      	MOVWF      FARG_ADXL345_Write_data1
0x025C	0x214A      	CALL       _ADXL345_Write
;MyProject.c,78 :: 		ADXL345_Write(_BW_RATE, _SPEED);
0x025D	0x302C      	MOVLW      44
0x025E	0x00C1      	MOVWF      FARG_ADXL345_Write_address
0x025F	0x300F      	MOVLW      15
0x0260	0x00C2      	MOVWF      FARG_ADXL345_Write_data1
0x0261	0x214A      	CALL       _ADXL345_Write
;MyProject.c,80 :: 		ADXL345_Write(_POWER_CTL, 0x08);
0x0262	0x302D      	MOVLW      45
0x0263	0x00C1      	MOVWF      FARG_ADXL345_Write_address
0x0264	0x3008      	MOVLW      8
0x0265	0x00C2      	MOVWF      FARG_ADXL345_Write_data1
0x0266	0x214A      	CALL       _ADXL345_Write
;MyProject.c,82 :: 		while (1) {
L_main0:
;MyProject.c,87 :: 		readings[0] = ADXL345_Read(_DATAX0) << 8;
0x0267	0x3032      	MOVLW      50
0x0268	0x00C1      	MOVWF      FARG_ADXL345_Read_address
0x0269	0x2195      	CALL       _ADXL345_Read
0x026A	0x0870      	MOVF       R0, 0
0x026B	0x00A3      	MOVWF      _readings+1
0x026C	0x01A2      	CLRF       _readings
;MyProject.c,90 :: 		readings[0] = readings[0] | ADXL345_Read(_DATAX1);
0x026D	0x3033      	MOVLW      51
0x026E	0x00C1      	MOVWF      FARG_ADXL345_Read_address
0x026F	0x2195      	CALL       _ADXL345_Read
0x0270	0x0870      	MOVF       R0, 0
0x0271	0x04A2      	IORWF      _readings, 1
0x0272	0x3000      	MOVLW      0
0x0273	0x04A3      	IORWF      _readings+1, 1
;MyProject.c,93 :: 		readings[1] = ADXL345_Read(_DATAY0) << 8;
0x0274	0x3034      	MOVLW      52
0x0275	0x00C1      	MOVWF      FARG_ADXL345_Read_address
0x0276	0x2195      	CALL       _ADXL345_Read
0x0277	0x0870      	MOVF       R0, 0
0x0278	0x00A5      	MOVWF      _readings+3
0x0279	0x01A4      	CLRF       _readings+2
;MyProject.c,96 :: 		readings[1] = readings[1] | ADXL345_Read(_DATAY1);
0x027A	0x3035      	MOVLW      53
0x027B	0x00C1      	MOVWF      FARG_ADXL345_Read_address
0x027C	0x2195      	CALL       _ADXL345_Read
0x027D	0x0870      	MOVF       R0, 0
0x027E	0x04A4      	IORWF      _readings+2, 1
0x027F	0x3000      	MOVLW      0
0x0280	0x04A5      	IORWF      _readings+3, 1
;MyProject.c,99 :: 		readings[2] = ADXL345_Read(_DATAZ0) << 8;
0x0281	0x3036      	MOVLW      54
0x0282	0x00C1      	MOVWF      FARG_ADXL345_Read_address
0x0283	0x2195      	CALL       _ADXL345_Read
0x0284	0x0870      	MOVF       R0, 0
0x0285	0x00A7      	MOVWF      _readings+5
0x0286	0x01A6      	CLRF       _readings+4
;MyProject.c,102 :: 		readings[2] = readings[2] | ADXL345_Read(_DATAZ1);
0x0287	0x3037      	MOVLW      55
0x0288	0x00C1      	MOVWF      FARG_ADXL345_Read_address
0x0289	0x2195      	CALL       _ADXL345_Read
0x028A	0x0870      	MOVF       R0, 0
0x028B	0x04A6      	IORWF      _readings+4, 1
0x028C	0x3000      	MOVLW      0
0x028D	0x04A7      	IORWF      _readings+5, 1
;MyProject.c,106 :: 		IntToStr(readings[0], out);
0x028E	0x0822      	MOVF       _readings, 0
0x028F	0x00C1      	MOVWF      FARG_IntToStr_input
0x0290	0x0823      	MOVF       _readings+1, 0
0x0291	0x00C2      	MOVWF      FARG_IntToStr_input+1
0x0292	0x3031      	MOVLW      _out
0x0293	0x00C3      	MOVWF      FARG_IntToStr_output
0x0294	0x20E0      	CALL       _IntToStr
;MyProject.c,107 :: 		LCD_Out(1,1,out);
0x0295	0x3001      	MOVLW      1
0x0296	0x00C1      	MOVWF      FARG_Lcd_Out_row
0x0297	0x3001      	MOVLW      1
0x0298	0x00C2      	MOVWF      FARG_Lcd_Out_column
0x0299	0x3031      	MOVLW      _out
0x029A	0x00C3      	MOVWF      FARG_Lcd_Out_text
0x029B	0x2155      	CALL       _Lcd_Out
;MyProject.c,109 :: 		Delay_ms(100);
0x029C	0x3002      	MOVLW      2
0x029D	0x00FB      	MOVWF      R11
0x029E	0x3004      	MOVLW      4
0x029F	0x00FC      	MOVWF      R12
0x02A0	0x30BA      	MOVLW      186
0x02A1	0x00FD      	MOVWF      R13
L_main2:
0x02A2	0x0BFD      	DECFSZ     R13, 1
0x02A3	0x2AA2      	GOTO       L_main2
0x02A4	0x0BFC      	DECFSZ     R12, 1
0x02A5	0x2AA2      	GOTO       L_main2
0x02A6	0x0BFB      	DECFSZ     R11, 1
0x02A7	0x2AA2      	GOTO       L_main2
0x02A8	0x0000      	NOP
;MyProject.c,112 :: 		IntToStr(readings[1], out);
0x02A9	0x0824      	MOVF       _readings+2, 0
0x02AA	0x00C1      	MOVWF      FARG_IntToStr_input
0x02AB	0x0825      	MOVF       _readings+3, 0
0x02AC	0x00C2      	MOVWF      FARG_IntToStr_input+1
0x02AD	0x3031      	MOVLW      _out
0x02AE	0x00C3      	MOVWF      FARG_IntToStr_output
0x02AF	0x20E0      	CALL       _IntToStr
;MyProject.c,113 :: 		LCD_Out(2,1,out);
0x02B0	0x3002      	MOVLW      2
0x02B1	0x00C1      	MOVWF      FARG_Lcd_Out_row
0x02B2	0x3001      	MOVLW      1
0x02B3	0x00C2      	MOVWF      FARG_Lcd_Out_column
0x02B4	0x3031      	MOVLW      _out
0x02B5	0x00C3      	MOVWF      FARG_Lcd_Out_text
0x02B6	0x2155      	CALL       _Lcd_Out
;MyProject.c,115 :: 		Delay_ms(100);
0x02B7	0x3002      	MOVLW      2
0x02B8	0x00FB      	MOVWF      R11
0x02B9	0x3004      	MOVLW      4
0x02BA	0x00FC      	MOVWF      R12
0x02BB	0x30BA      	MOVLW      186
0x02BC	0x00FD      	MOVWF      R13
L_main3:
0x02BD	0x0BFD      	DECFSZ     R13, 1
0x02BE	0x2ABD      	GOTO       L_main3
0x02BF	0x0BFC      	DECFSZ     R12, 1
0x02C0	0x2ABD      	GOTO       L_main3
0x02C1	0x0BFB      	DECFSZ     R11, 1
0x02C2	0x2ABD      	GOTO       L_main3
0x02C3	0x0000      	NOP
;MyProject.c,118 :: 		IntToStr(readings[2], out);
0x02C4	0x0826      	MOVF       _readings+4, 0
0x02C5	0x00C1      	MOVWF      FARG_IntToStr_input
0x02C6	0x0827      	MOVF       _readings+5, 0
0x02C7	0x00C2      	MOVWF      FARG_IntToStr_input+1
0x02C8	0x3031      	MOVLW      _out
0x02C9	0x00C3      	MOVWF      FARG_IntToStr_output
0x02CA	0x20E0      	CALL       _IntToStr
;MyProject.c,119 :: 		LCD_Out(2,7,out);
0x02CB	0x3002      	MOVLW      2
0x02CC	0x00C1      	MOVWF      FARG_Lcd_Out_row
0x02CD	0x3007      	MOVLW      7
0x02CE	0x00C2      	MOVWF      FARG_Lcd_Out_column
0x02CF	0x3031      	MOVLW      _out
0x02D0	0x00C3      	MOVWF      FARG_Lcd_Out_text
0x02D1	0x2155      	CALL       _Lcd_Out
;MyProject.c,121 :: 		}
0x02D2	0x2A67      	GOTO       L_main0
;MyProject.c,122 :: 		}
L_end_main:
0x02D3	0x2AD3      	GOTO       $+0
; end of _main
Symbol List:
//** Routines locations **
//ADDRESS    SIZE    PROCEDURE
//----------------------------------------------
0x0003       [7]    _Delay_50us
0x000A      [13]    _Delay_5500us
0x0017       [3]    _Delay_1us
0x001A      [64]    _Lcd_Cmd
0x005A      [29]    _Div_16X16_U
0x0077      [64]    _WordToStr
0x00B7       [7]    _____DoICP
0x00BE       [8]    _Lcd_Chr_CP
0x00C6      [13]    _SPI1_Write
0x00D3      [13]    _SPI1_Read
0x00E0     [106]    _IntToStr
0x014A      [11]    _ADXL345_Write
0x0155      [64]    _Lcd_Out
0x0195      [11]    _ADXL345_Read
0x01A0      [62]    _SPI1_Init_Advanced
0x01DE      [78]    _Lcd_Init
0x022C      [12]    ___CC2DW
0x0238     [156]    _main
//** Variables locations ** 
//ADDRESS    SIZE    VARIABLE
//----------------------------------------------
0x0000       [1]    INDF
0x0002       [1]    PCL
0x0003       [1]    STATUS
0x0004       [1]    FSR
0x0006       [0]    LCD_D6
0x0006       [0]    LCD_D5
0x0006       [0]    RB2_bit
0x0006       [0]    LCD_D4
0x0006       [0]    LCD_D7
0x0006       [0]    LCD_EN
0x0006       [0]    RB3_bit
0x0006       [0]    RB4_bit
0x0006       [0]    RB5_bit
0x0006       [0]    RB1_bit
0x0006       [0]    LCD_RS
0x0006       [0]    RB0_bit
0x0007       [0]    CS_bit
0x0007       [0]    RC0_bit
0x000A       [1]    PCLATH
0x0013       [1]    SSPBUF
0x0014       [1]    SSPCON
0x0020       [1]    FARG_SPI1_Read_buffer
0x0021       [1]    FARG_SPI1_Write_data_
0x0022       [6]    _readings
0x0028       [2]    ___DoICPAddr
0x002A       [0]    __Lib_Lcd_cmd_status
0x002B       [3]    _SPI_Wr_Ptr
0x002E       [3]    _SPI_Rd_Ptr
0x0031      [16]    _out
0x0041       [1]    FARG_SPI1_Init_Advanced_master
0x0041       [1]    FARG_Lcd_Out_row
0x0041       [1]    FARG_ADXL345_Read_address
0x0041       [2]    FARG_IntToStr_input
0x0041       [1]    FARG_ADXL345_Write_address
0x0042       [1]    FARG_Lcd_Out_column
0x0042       [1]    FARG_ADXL345_Write_data1
0x0042       [1]    FARG_SPI1_Init_Advanced_data_sample
0x0043       [1]    FARG_Lcd_Out_text
0x0043       [1]    FARG_IntToStr_output
0x0043       [1]    FARG_SPI1_Init_Advanced_clock_idle
0x0044       [1]    Lcd_Out_i_L0
0x0044       [2]    IntToStr_i_L0
0x0044       [1]    FARG_SPI1_Init_Advanced_transmit_edge
0x0046       [2]    IntToStr_negative_L0
0x0048       [2]    IntToStr_inword_L0
0x004A       [1]    FARG_Lcd_Chr_CP_out_char
0x004A       [2]    FARG_WordToStr_input
0x004C       [1]    FARG_WordToStr_output
0x004D       [1]    WordToStr_len_L0
0x004E       [1]    FLOC__WordToStr
0x004F       [1]    FARG_Lcd_Cmd_out_char
0x0070       [1]    R0
0x0071       [1]    R1
0x0072       [1]    R2
0x0073       [1]    R3
0x0074       [1]    R4
0x0075       [1]    R5
0x0076       [1]    R6
0x0077       [1]    R7
0x0078       [1]    R8
0x0079       [1]    R9
0x007A       [1]    R10
0x007B       [1]    R11
0x007C       [1]    R12
0x007D       [1]    R13
0x007E       [1]    R14
0x007F       [1]    R15
0x0086       [0]    LCD_D5_Direction
0x0086       [0]    TRISB1_bit
0x0086       [0]    LCD_EN_Direction
0x0086       [0]    LCD_D4_Direction
0x0086       [0]    LCD_D6_Direction
0x0086       [1]    TRISB
0x0086       [0]    TRISB0_bit
0x0086       [0]    LCD_D7_Direction
0x0086       [0]    LCD_RS_Direction
0x0086       [0]    TRISB3_bit
0x0086       [0]    TRISB4_bit
0x0086       [0]    TRISB5_bit
0x0086       [0]    TRISB2_bit
0x0087       [0]    TRISC0_bit
0x0087       [0]    TRISC3_bit
0x0087       [0]    TRISC5_bit
0x0087       [0]    TRISC4_bit
0x0087       [0]    CS_Direction_bit
0x0094       [1]    SSPSTAT
